[2025-05-30 13:17:12] Starting IMPACT-sc dependency installation
[2025-05-30 13:17:12] Detected system: Darwin arm64
[2025-05-30 13:17:12] Detected R version: 4.4.2
[2025-05-30 13:17:12] Working directory: /Users/sc3525/Library/CloudStorage/OneDrive-YaleUniversity/IMPACT_sc
[2025-05-30 13:17:12] Script directory: .
[2025-05-30 13:17:12] macOS detected
[2025-05-30 13:17:12] Apple Silicon detected - ensuring Rosetta compatibility
[2025-05-30 13:17:12] Installing R packages for Bioconductor 3.19 (R 4.4.2)
[2025-05-30 13:17:16] Setting up gfortran for macOS...
[2025-05-30 13:17:17] Created ~/.R/Makevars with gfortran library paths
[2025-05-30 13:17:17] Added gfortran to PATH (version 15.1.0)
[2025-05-30 13:17:20] Installing additional CRAN packages...
[2025-05-30 13:17:25] Installing GitHub packages...
[2025-05-30 13:17:27] Installing CARD from GitHub...
[2025-05-30 13:17:31] Verifying R package installations...
[2025-05-30 13:17:36] Setting up Python environment
[2025-05-30 13:17:37] Removing existing impact_sc environment
[2025-05-30 13:18:02] Creating new impact_sc environment from environment.yml
[2025-05-30 13:18:58] Verifying Python packages
[2025-05-30 13:19:02] Installation completed successfully!
[2025-05-30 13:19:02] Please run 'conda activate impact_sc' before using IMPACT-sc
[2025-05-30 13:19:02] 
[2025-05-30 13:19:02] To test the installation, you can run:
[2025-05-30 13:19:02]   conda activate impact_sc
[2025-05-30 13:19:02]   python -c 'import scanpy, torch; print("Python packages OK")'  
[2025-05-30 13:19:02]   R -e 'library(CARD); library(Seurat); cat("R packages OK\n")'
[2025-05-30 13:23:27] Starting IMPACT-sc dependency installation
[2025-05-30 13:23:27] Detected system: Darwin arm64
[2025-05-30 13:23:27] Detected R version: 4.4.2
[2025-05-30 13:23:27] Working directory: /Users/sc3525/Library/CloudStorage/OneDrive-YaleUniversity/IMPACT_sc
[2025-05-30 13:23:27] Script directory: .
[2025-05-30 13:23:27] macOS detected
[2025-05-30 13:23:27] Apple Silicon detected - ensuring Rosetta compatibility
[2025-05-30 13:23:27] Installing R packages for Bioconductor 3.19 (R 4.4.2)
[2025-05-30 13:23:31] Setting up gfortran for macOS...
[2025-05-30 13:23:32] Created ~/.R/Makevars with gfortran library paths
[2025-05-30 13:23:32] Added gfortran to PATH (version 15.1.0)
[2025-05-30 13:23:36] Installing additional CRAN packages...
[2025-05-30 13:23:41] Installing GitHub packages...
[2025-05-30 13:23:43] Installing CARD from GitHub...
[2025-05-30 13:23:46] Verifying R package installations...
[2025-05-30 13:23:52] Setting up Python environment
[2025-05-30 13:23:53] Removing existing impact_sc environment
[2025-05-30 13:24:17] Creating new impact_sc environment from environment.yml
[2025-05-30 13:25:05] Verifying Python packages
[2025-05-30 13:25:10] Installation completed successfully!
[2025-05-30 13:25:10] Please run 'conda activate impact_sc' before using IMPACT-sc
[2025-05-30 13:25:10] 
[2025-05-30 13:25:10] To test the installation, you can run:
[2025-05-30 13:25:10]   conda activate impact_sc
[2025-05-30 13:25:10]   python -c 'import scanpy, torch; print("Python packages OK")'  
[2025-05-30 13:25:10]   R -e 'library(CARD); library(Seurat); cat("R packages OK\n")'
